CRITICAL - 2024-01-29 01:52:56 --> Undefined property: stdClass::$nm_level
in APPPATH\Views\tabel_user.php on line 41.
 1 APPPATH\Views\tabel_user.php(41): CodeIgniter\Debug\Exceptions->errorHandler(2, 'Undefined property: stdClass::$nm_level', 'C:\\Users\\PC-7\\Desktop\\perpustakaan\\app\\Views\\tabel_user.php', 41)
 2 SYSTEMPATH\View\View.php(226): include('C:\\Users\\PC-7\\Desktop\\perpustakaan\\app\\Views\\tabel_user.php')
 3 SYSTEMPATH\View\View.php(229): CodeIgniter\View\View->CodeIgniter\View\{closure}()
 4 SYSTEMPATH\Common.php(1188): CodeIgniter\View\View->render('tabel_user', [], true)
 5 APPPATH\Controllers\Home.php(88): view('tabel_user', [...])
 6 SYSTEMPATH\CodeIgniter.php(919): App\Controllers\Home->user()
 7 SYSTEMPATH\CodeIgniter.php(494): CodeIgniter\CodeIgniter->runController(Object(App\Controllers\Home))
 8 SYSTEMPATH\CodeIgniter.php(353): CodeIgniter\CodeIgniter->handleRequest(null, Object(Config\Cache), false)
 9 FCPATH\index.php(79): CodeIgniter\CodeIgniter->run()
10 SYSTEMPATH\Commands\Server\rewrite.php(47): require_once('C:\\Users\\PC-7\\Desktop\\perpustakaan\\public\\index.php')
ERROR - 2024-01-29 01:56:06 --> mysqli_sql_exception: Table 'buku.siswa' doesn't exist in C:\Users\PC-7\Desktop\perpustakaan\system\Database\MySQLi\Connection.php:306
Stack trace:
#0 C:\Users\PC-7\Desktop\perpustakaan\system\Database\MySQLi\Connection.php(306): mysqli->query('SELECT *\nFROM `...', 0)
#1 C:\Users\PC-7\Desktop\perpustakaan\system\Database\BaseConnection.php(692): CodeIgniter\Database\MySQLi\Connection->execute('SELECT *\nFROM `...')
#2 C:\Users\PC-7\Desktop\perpustakaan\system\Database\BaseConnection.php(606): CodeIgniter\Database\BaseConnection->simpleQuery('SELECT *\nFROM `...')
#3 C:\Users\PC-7\Desktop\perpustakaan\system\Database\BaseBuilder.php(1615): CodeIgniter\Database\BaseConnection->query('SELECT *\nFROM `...', Array, false)
#4 C:\Users\PC-7\Desktop\perpustakaan\app\Models\M_Model.php(41): CodeIgniter\Database\BaseBuilder->get()
#5 C:\Users\PC-7\Desktop\perpustakaan\app\Controllers\Home.php(96): App\Models\M_model->join2('siswa', 'user', 'siswa.user_id=u...')
#6 C:\Users\PC-7\Desktop\perpustakaan\system\CodeIgniter.php(919): App\Controllers\Home->siswa()
#7 C:\Users\PC-7\Desktop\perpustakaan\system\CodeIgniter.php(494): CodeIgniter\CodeIgniter->runController(Object(App\Controllers\Home))
#8 C:\Users\PC-7\Desktop\perpustakaan\system\CodeIgniter.php(353): CodeIgniter\CodeIgniter->handleRequest(NULL, Object(Config\Cache), false)
#9 C:\Users\PC-7\Desktop\perpustakaan\public\index.php(79): CodeIgniter\CodeIgniter->run()
#10 C:\Users\PC-7\Desktop\perpustakaan\system\Commands\Server\rewrite.php(47): require_once('C:\\Users\\PC-7\\D...')
#11 {main}
CRITICAL - 2024-01-29 01:56:06 --> Call to a member function getResult() on bool
in APPPATH\Models\M_Model.php on line 41.
 1 APPPATH\Controllers\Home.php(96): App\Models\M_model->join2('siswa', 'user', 'siswa.user_id=user.id_user')
 2 SYSTEMPATH\CodeIgniter.php(919): App\Controllers\Home->siswa()
 3 SYSTEMPATH\CodeIgniter.php(494): CodeIgniter\CodeIgniter->runController(Object(App\Controllers\Home))
 4 SYSTEMPATH\CodeIgniter.php(353): CodeIgniter\CodeIgniter->handleRequest(null, Object(Config\Cache), false)
 5 FCPATH\index.php(79): CodeIgniter\CodeIgniter->run()
 6 SYSTEMPATH\Commands\Server\rewrite.php(47): require_once('C:\\Users\\PC-7\\Desktop\\perpustakaan\\public\\index.php')
CRITICAL - 2024-01-29 01:59:12 --> Undefined variable $murid
in APPPATH\Views\add_user.php on line 78.
 1 APPPATH\Views\add_user.php(78): CodeIgniter\Debug\Exceptions->errorHandler(2, 'Undefined variable $murid', 'C:\\Users\\PC-7\\Desktop\\perpustakaan\\app\\Views\\add_user.php', 78)
 2 SYSTEMPATH\View\View.php(226): include('C:\\Users\\PC-7\\Desktop\\perpustakaan\\app\\Views\\add_user.php')
 3 SYSTEMPATH\View\View.php(229): CodeIgniter\View\View->CodeIgniter\View\{closure}()
 4 SYSTEMPATH\Common.php(1188): CodeIgniter\View\View->render('add_user', [], true)
 5 APPPATH\Controllers\Home.php(130): view('add_user', [...])
 6 SYSTEMPATH\CodeIgniter.php(919): App\Controllers\Home->adduser()
 7 SYSTEMPATH\CodeIgniter.php(494): CodeIgniter\CodeIgniter->runController(Object(App\Controllers\Home))
 8 SYSTEMPATH\CodeIgniter.php(353): CodeIgniter\CodeIgniter->handleRequest(null, Object(Config\Cache), false)
 9 FCPATH\index.php(79): CodeIgniter\CodeIgniter->run()
10 SYSTEMPATH\Commands\Server\rewrite.php(47): require_once('C:\\Users\\PC-7\\Desktop\\perpustakaan\\public\\index.php')
ERROR - 2024-01-29 02:03:57 --> Error connecting to the database: mysqli_sql_exception: No connection could be made because the target machine actively refused it in C:\Users\PC-7\Desktop\perpustakaan\system\Database\MySQLi\Connection.php:184
Stack trace:
#0 C:\Users\PC-7\Desktop\perpustakaan\system\Database\MySQLi\Connection.php(184): mysqli->real_connect('127.0.0.1', 'root', Object(SensitiveParameterValue), 'buku', 3306, '', 0)
#1 C:\Users\PC-7\Desktop\perpustakaan\system\Database\BaseConnection.php(391): CodeIgniter\Database\MySQLi\Connection->connect(false)
#2 C:\Users\PC-7\Desktop\perpustakaan\system\Database\BaseConnection.php(574): CodeIgniter\Database\BaseConnection->initialize()
#3 C:\Users\PC-7\Desktop\perpustakaan\system\Database\BaseBuilder.php(1615): CodeIgniter\Database\BaseConnection->query('SELECT *\nFROM `...', Array, false)
#4 C:\Users\PC-7\Desktop\perpustakaan\app\Models\M_Model.php(11): CodeIgniter\Database\BaseBuilder->get()
#5 C:\Users\PC-7\Desktop\perpustakaan\app\Controllers\Home.php(127): App\Models\M_model->tampil('user')
#6 C:\Users\PC-7\Desktop\perpustakaan\system\CodeIgniter.php(919): App\Controllers\Home->adduser()
#7 C:\Users\PC-7\Desktop\perpustakaan\system\CodeIgniter.php(494): CodeIgniter\CodeIgniter->runController(Object(App\Controllers\Home))
#8 C:\Users\PC-7\Desktop\perpustakaan\system\CodeIgniter.php(353): CodeIgniter\CodeIgniter->handleRequest(NULL, Object(Config\Cache), false)
#9 C:\Users\PC-7\Desktop\perpustakaan\public\index.php(79): CodeIgniter\CodeIgniter->run()
#10 C:\Users\PC-7\Desktop\perpustakaan\system\Commands\Server\rewrite.php(47): require_once('C:\\Users\\PC-7\\D...')
#11 {main}

Next CodeIgniter\Database\Exceptions\DatabaseException: No connection could be made because the target machine actively refused it in C:\Users\PC-7\Desktop\perpustakaan\system\Database\MySQLi\Connection.php:229
Stack trace:
#0 C:\Users\PC-7\Desktop\perpustakaan\system\Database\BaseConnection.php(391): CodeIgniter\Database\MySQLi\Connection->connect(false)
#1 C:\Users\PC-7\Desktop\perpustakaan\system\Database\BaseConnection.php(574): CodeIgniter\Database\BaseConnection->initialize()
#2 C:\Users\PC-7\Desktop\perpustakaan\system\Database\BaseBuilder.php(1615): CodeIgniter\Database\BaseConnection->query('SELECT *\nFROM `...', Array, false)
#3 C:\Users\PC-7\Desktop\perpustakaan\app\Models\M_Model.php(11): CodeIgniter\Database\BaseBuilder->get()
#4 C:\Users\PC-7\Desktop\perpustakaan\app\Controllers\Home.php(127): App\Models\M_model->tampil('user')
#5 C:\Users\PC-7\Desktop\perpustakaan\system\CodeIgniter.php(919): App\Controllers\Home->adduser()
#6 C:\Users\PC-7\Desktop\perpustakaan\system\CodeIgniter.php(494): CodeIgniter\CodeIgniter->runController(Object(App\Controllers\Home))
#7 C:\Users\PC-7\Desktop\perpustakaan\system\CodeIgniter.php(353): CodeIgniter\CodeIgniter->handleRequest(NULL, Object(Config\Cache), false)
#8 C:\Users\PC-7\Desktop\perpustakaan\public\index.php(79): CodeIgniter\CodeIgniter->run()
#9 C:\Users\PC-7\Desktop\perpustakaan\system\Commands\Server\rewrite.php(47): require_once('C:\\Users\\PC-7\\D...')
#10 {main}
CRITICAL - 2024-01-29 02:03:57 --> Unable to connect to the database.
Main connection [MySQLi]: No connection could be made because the target machine actively refused it
in SYSTEMPATH\Database\BaseConnection.php on line 427.
 1 SYSTEMPATH\Database\BaseConnection.php(574): CodeIgniter\Database\BaseConnection->initialize()
 2 SYSTEMPATH\Database\BaseBuilder.php(1615): CodeIgniter\Database\BaseConnection->query('SELECT *
FROM `user`', [], false)
 3 APPPATH\Models\M_Model.php(11): CodeIgniter\Database\BaseBuilder->get()
 4 APPPATH\Controllers\Home.php(127): App\Models\M_model->tampil('user')
 5 SYSTEMPATH\CodeIgniter.php(919): App\Controllers\Home->adduser()
 6 SYSTEMPATH\CodeIgniter.php(494): CodeIgniter\CodeIgniter->runController(Object(App\Controllers\Home))
 7 SYSTEMPATH\CodeIgniter.php(353): CodeIgniter\CodeIgniter->handleRequest(null, Object(Config\Cache), false)
 8 FCPATH\index.php(79): CodeIgniter\CodeIgniter->run()
 9 SYSTEMPATH\Commands\Server\rewrite.php(47): require_once('C:\\Users\\PC-7\\Desktop\\perpustakaan\\public\\index.php')
ERROR - 2024-01-29 02:04:19 --> Error connecting to the database: mysqli_sql_exception: No connection could be made because the target machine actively refused it in C:\Users\PC-7\Desktop\perpustakaan\system\Database\MySQLi\Connection.php:184
Stack trace:
#0 C:\Users\PC-7\Desktop\perpustakaan\system\Database\MySQLi\Connection.php(184): mysqli->real_connect('127.0.0.1', 'root', Object(SensitiveParameterValue), 'buku', 3306, '', 0)
#1 C:\Users\PC-7\Desktop\perpustakaan\system\Database\BaseConnection.php(391): CodeIgniter\Database\MySQLi\Connection->connect(false)
#2 C:\Users\PC-7\Desktop\perpustakaan\system\Database\BaseConnection.php(574): CodeIgniter\Database\BaseConnection->initialize()
#3 C:\Users\PC-7\Desktop\perpustakaan\system\Database\BaseBuilder.php(1615): CodeIgniter\Database\BaseConnection->query('SELECT *\nFROM `...', Array, false)
#4 C:\Users\PC-7\Desktop\perpustakaan\app\Models\M_Model.php(11): CodeIgniter\Database\BaseBuilder->get()
#5 C:\Users\PC-7\Desktop\perpustakaan\app\Controllers\Home.php(127): App\Models\M_model->tampil('user')
#6 C:\Users\PC-7\Desktop\perpustakaan\system\CodeIgniter.php(919): App\Controllers\Home->adduser()
#7 C:\Users\PC-7\Desktop\perpustakaan\system\CodeIgniter.php(494): CodeIgniter\CodeIgniter->runController(Object(App\Controllers\Home))
#8 C:\Users\PC-7\Desktop\perpustakaan\system\CodeIgniter.php(353): CodeIgniter\CodeIgniter->handleRequest(NULL, Object(Config\Cache), false)
#9 C:\Users\PC-7\Desktop\perpustakaan\public\index.php(79): CodeIgniter\CodeIgniter->run()
#10 C:\Users\PC-7\Desktop\perpustakaan\system\Commands\Server\rewrite.php(47): require_once('C:\\Users\\PC-7\\D...')
#11 {main}

Next CodeIgniter\Database\Exceptions\DatabaseException: No connection could be made because the target machine actively refused it in C:\Users\PC-7\Desktop\perpustakaan\system\Database\MySQLi\Connection.php:229
Stack trace:
#0 C:\Users\PC-7\Desktop\perpustakaan\system\Database\BaseConnection.php(391): CodeIgniter\Database\MySQLi\Connection->connect(false)
#1 C:\Users\PC-7\Desktop\perpustakaan\system\Database\BaseConnection.php(574): CodeIgniter\Database\BaseConnection->initialize()
#2 C:\Users\PC-7\Desktop\perpustakaan\system\Database\BaseBuilder.php(1615): CodeIgniter\Database\BaseConnection->query('SELECT *\nFROM `...', Array, false)
#3 C:\Users\PC-7\Desktop\perpustakaan\app\Models\M_Model.php(11): CodeIgniter\Database\BaseBuilder->get()
#4 C:\Users\PC-7\Desktop\perpustakaan\app\Controllers\Home.php(127): App\Models\M_model->tampil('user')
#5 C:\Users\PC-7\Desktop\perpustakaan\system\CodeIgniter.php(919): App\Controllers\Home->adduser()
#6 C:\Users\PC-7\Desktop\perpustakaan\system\CodeIgniter.php(494): CodeIgniter\CodeIgniter->runController(Object(App\Controllers\Home))
#7 C:\Users\PC-7\Desktop\perpustakaan\system\CodeIgniter.php(353): CodeIgniter\CodeIgniter->handleRequest(NULL, Object(Config\Cache), false)
#8 C:\Users\PC-7\Desktop\perpustakaan\public\index.php(79): CodeIgniter\CodeIgniter->run()
#9 C:\Users\PC-7\Desktop\perpustakaan\system\Commands\Server\rewrite.php(47): require_once('C:\\Users\\PC-7\\D...')
#10 {main}
CRITICAL - 2024-01-29 02:04:19 --> Unable to connect to the database.
Main connection [MySQLi]: No connection could be made because the target machine actively refused it
in SYSTEMPATH\Database\BaseConnection.php on line 427.
 1 SYSTEMPATH\Database\BaseConnection.php(574): CodeIgniter\Database\BaseConnection->initialize()
 2 SYSTEMPATH\Database\BaseBuilder.php(1615): CodeIgniter\Database\BaseConnection->query('SELECT *
FROM `user`', [], false)
 3 APPPATH\Models\M_Model.php(11): CodeIgniter\Database\BaseBuilder->get()
 4 APPPATH\Controllers\Home.php(127): App\Models\M_model->tampil('user')
 5 SYSTEMPATH\CodeIgniter.php(919): App\Controllers\Home->adduser()
 6 SYSTEMPATH\CodeIgniter.php(494): CodeIgniter\CodeIgniter->runController(Object(App\Controllers\Home))
 7 SYSTEMPATH\CodeIgniter.php(353): CodeIgniter\CodeIgniter->handleRequest(null, Object(Config\Cache), false)
 8 FCPATH\index.php(79): CodeIgniter\CodeIgniter->run()
 9 SYSTEMPATH\Commands\Server\rewrite.php(47): require_once('C:\\Users\\PC-7\\Desktop\\perpustakaan\\public\\index.php')
ERROR - 2024-01-29 02:04:26 --> Error connecting to the database: mysqli_sql_exception: No connection could be made because the target machine actively refused it in C:\Users\PC-7\Desktop\perpustakaan\system\Database\MySQLi\Connection.php:184
Stack trace:
#0 C:\Users\PC-7\Desktop\perpustakaan\system\Database\MySQLi\Connection.php(184): mysqli->real_connect('127.0.0.1', 'root', Object(SensitiveParameterValue), 'buku', 3306, '', 0)
#1 C:\Users\PC-7\Desktop\perpustakaan\system\Database\BaseConnection.php(391): CodeIgniter\Database\MySQLi\Connection->connect(false)
#2 C:\Users\PC-7\Desktop\perpustakaan\system\Database\BaseConnection.php(574): CodeIgniter\Database\BaseConnection->initialize()
#3 C:\Users\PC-7\Desktop\perpustakaan\system\Database\BaseBuilder.php(1748): CodeIgniter\Database\BaseConnection->query('SELECT *\nFROM `...', Array, false)
#4 C:\Users\PC-7\Desktop\perpustakaan\app\Models\M_Model.php(31): CodeIgniter\Database\BaseBuilder->getWhere(Array)
#5 C:\Users\PC-7\Desktop\perpustakaan\app\Controllers\Home.php(65): App\Models\M_model->getWhere2('user', Array)
#6 C:\Users\PC-7\Desktop\perpustakaan\system\CodeIgniter.php(919): App\Controllers\Home->aksi_login()
#7 C:\Users\PC-7\Desktop\perpustakaan\system\CodeIgniter.php(494): CodeIgniter\CodeIgniter->runController(Object(App\Controllers\Home))
#8 C:\Users\PC-7\Desktop\perpustakaan\system\CodeIgniter.php(353): CodeIgniter\CodeIgniter->handleRequest(NULL, Object(Config\Cache), false)
#9 C:\Users\PC-7\Desktop\perpustakaan\public\index.php(79): CodeIgniter\CodeIgniter->run()
#10 C:\Users\PC-7\Desktop\perpustakaan\system\Commands\Server\rewrite.php(47): require_once('C:\\Users\\PC-7\\D...')
#11 {main}

Next CodeIgniter\Database\Exceptions\DatabaseException: No connection could be made because the target machine actively refused it in C:\Users\PC-7\Desktop\perpustakaan\system\Database\MySQLi\Connection.php:229
Stack trace:
#0 C:\Users\PC-7\Desktop\perpustakaan\system\Database\BaseConnection.php(391): CodeIgniter\Database\MySQLi\Connection->connect(false)
#1 C:\Users\PC-7\Desktop\perpustakaan\system\Database\BaseConnection.php(574): CodeIgniter\Database\BaseConnection->initialize()
#2 C:\Users\PC-7\Desktop\perpustakaan\system\Database\BaseBuilder.php(1748): CodeIgniter\Database\BaseConnection->query('SELECT *\nFROM `...', Array, false)
#3 C:\Users\PC-7\Desktop\perpustakaan\app\Models\M_Model.php(31): CodeIgniter\Database\BaseBuilder->getWhere(Array)
#4 C:\Users\PC-7\Desktop\perpustakaan\app\Controllers\Home.php(65): App\Models\M_model->getWhere2('user', Array)
#5 C:\Users\PC-7\Desktop\perpustakaan\system\CodeIgniter.php(919): App\Controllers\Home->aksi_login()
#6 C:\Users\PC-7\Desktop\perpustakaan\system\CodeIgniter.php(494): CodeIgniter\CodeIgniter->runController(Object(App\Controllers\Home))
#7 C:\Users\PC-7\Desktop\perpustakaan\system\CodeIgniter.php(353): CodeIgniter\CodeIgniter->handleRequest(NULL, Object(Config\Cache), false)
#8 C:\Users\PC-7\Desktop\perpustakaan\public\index.php(79): CodeIgniter\CodeIgniter->run()
#9 C:\Users\PC-7\Desktop\perpustakaan\system\Commands\Server\rewrite.php(47): require_once('C:\\Users\\PC-7\\D...')
#10 {main}
CRITICAL - 2024-01-29 02:04:26 --> Unable to connect to the database.
Main connection [MySQLi]: No connection could be made because the target machine actively refused it
in SYSTEMPATH\Database\BaseConnection.php on line 427.
 1 SYSTEMPATH\Database\BaseConnection.php(574): CodeIgniter\Database\BaseConnection->initialize()
 2 SYSTEMPATH\Database\BaseBuilder.php(1748): CodeIgniter\Database\BaseConnection->query('SELECT *
FROM `user`
WHERE `username` = :username:
AND `password` = :password:', [...], false)
 3 APPPATH\Models\M_Model.php(31): CodeIgniter\Database\BaseBuilder->getWhere([...])
 4 APPPATH\Controllers\Home.php(65): App\Models\M_model->getWhere2('user', [...])
 5 SYSTEMPATH\CodeIgniter.php(919): App\Controllers\Home->aksi_login()
 6 SYSTEMPATH\CodeIgniter.php(494): CodeIgniter\CodeIgniter->runController(Object(App\Controllers\Home))
 7 SYSTEMPATH\CodeIgniter.php(353): CodeIgniter\CodeIgniter->handleRequest(null, Object(Config\Cache), false)
 8 FCPATH\index.php(79): CodeIgniter\CodeIgniter->run()
 9 SYSTEMPATH\Commands\Server\rewrite.php(47): require_once('C:\\Users\\PC-7\\Desktop\\perpustakaan\\public\\index.php')
ERROR - 2024-01-29 02:08:30 --> mysqli_sql_exception: Table 'buku.siswa' doesn't exist in C:\Users\PC-7\Desktop\perpustakaan\system\Database\MySQLi\Connection.php:306
Stack trace:
#0 C:\Users\PC-7\Desktop\perpustakaan\system\Database\MySQLi\Connection.php(306): mysqli->query('SELECT *\nFROM `...', 0)
#1 C:\Users\PC-7\Desktop\perpustakaan\system\Database\BaseConnection.php(692): CodeIgniter\Database\MySQLi\Connection->execute('SELECT *\nFROM `...')
#2 C:\Users\PC-7\Desktop\perpustakaan\system\Database\BaseConnection.php(606): CodeIgniter\Database\BaseConnection->simpleQuery('SELECT *\nFROM `...')
#3 C:\Users\PC-7\Desktop\perpustakaan\system\Database\BaseBuilder.php(1615): CodeIgniter\Database\BaseConnection->query('SELECT *\nFROM `...', Array, false)
#4 C:\Users\PC-7\Desktop\perpustakaan\app\Models\M_Model.php(41): CodeIgniter\Database\BaseBuilder->get()
#5 C:\Users\PC-7\Desktop\perpustakaan\app\Controllers\Home.php(96): App\Models\M_model->join2('siswa', 'user', 'siswa.user_id=u...')
#6 C:\Users\PC-7\Desktop\perpustakaan\system\CodeIgniter.php(919): App\Controllers\Home->siswa()
#7 C:\Users\PC-7\Desktop\perpustakaan\system\CodeIgniter.php(494): CodeIgniter\CodeIgniter->runController(Object(App\Controllers\Home))
#8 C:\Users\PC-7\Desktop\perpustakaan\system\CodeIgniter.php(353): CodeIgniter\CodeIgniter->handleRequest(NULL, Object(Config\Cache), false)
#9 C:\Users\PC-7\Desktop\perpustakaan\public\index.php(79): CodeIgniter\CodeIgniter->run()
#10 C:\Users\PC-7\Desktop\perpustakaan\system\Commands\Server\rewrite.php(47): require_once('C:\\Users\\PC-7\\D...')
#11 {main}
CRITICAL - 2024-01-29 02:08:30 --> Call to a member function getResult() on bool
in APPPATH\Models\M_Model.php on line 41.
 1 APPPATH\Controllers\Home.php(96): App\Models\M_model->join2('siswa', 'user', 'siswa.user_id=user.id_user')
 2 SYSTEMPATH\CodeIgniter.php(919): App\Controllers\Home->siswa()
 3 SYSTEMPATH\CodeIgniter.php(494): CodeIgniter\CodeIgniter->runController(Object(App\Controllers\Home))
 4 SYSTEMPATH\CodeIgniter.php(353): CodeIgniter\CodeIgniter->handleRequest(null, Object(Config\Cache), false)
 5 FCPATH\index.php(79): CodeIgniter\CodeIgniter->run()
 6 SYSTEMPATH\Commands\Server\rewrite.php(47): require_once('C:\\Users\\PC-7\\Desktop\\perpustakaan\\public\\index.php')
ERROR - 2024-01-29 02:10:03 --> mysqli_sql_exception: Unknown column 'siswa.user_id' in 'on clause' in C:\Users\PC-7\Desktop\perpustakaan\system\Database\MySQLi\Connection.php:306
Stack trace:
#0 C:\Users\PC-7\Desktop\perpustakaan\system\Database\MySQLi\Connection.php(306): mysqli->query('SELECT *\nFROM `...', 0)
#1 C:\Users\PC-7\Desktop\perpustakaan\system\Database\BaseConnection.php(692): CodeIgniter\Database\MySQLi\Connection->execute('SELECT *\nFROM `...')
#2 C:\Users\PC-7\Desktop\perpustakaan\system\Database\BaseConnection.php(606): CodeIgniter\Database\BaseConnection->simpleQuery('SELECT *\nFROM `...')
#3 C:\Users\PC-7\Desktop\perpustakaan\system\Database\BaseBuilder.php(1615): CodeIgniter\Database\BaseConnection->query('SELECT *\nFROM `...', Array, false)
#4 C:\Users\PC-7\Desktop\perpustakaan\app\Models\M_Model.php(41): CodeIgniter\Database\BaseBuilder->get()
#5 C:\Users\PC-7\Desktop\perpustakaan\app\Controllers\Home.php(96): App\Models\M_model->join2('book', 'kategori', 'siswa.user_id=u...')
#6 C:\Users\PC-7\Desktop\perpustakaan\system\CodeIgniter.php(919): App\Controllers\Home->siswa()
#7 C:\Users\PC-7\Desktop\perpustakaan\system\CodeIgniter.php(494): CodeIgniter\CodeIgniter->runController(Object(App\Controllers\Home))
#8 C:\Users\PC-7\Desktop\perpustakaan\system\CodeIgniter.php(353): CodeIgniter\CodeIgniter->handleRequest(NULL, Object(Config\Cache), false)
#9 C:\Users\PC-7\Desktop\perpustakaan\public\index.php(79): CodeIgniter\CodeIgniter->run()
#10 C:\Users\PC-7\Desktop\perpustakaan\system\Commands\Server\rewrite.php(47): require_once('C:\\Users\\PC-7\\D...')
#11 {main}
CRITICAL - 2024-01-29 02:10:03 --> Call to a member function getResult() on bool
in APPPATH\Models\M_Model.php on line 41.
 1 APPPATH\Controllers\Home.php(96): App\Models\M_model->join2('book', 'kategori', 'siswa.user_id=user.id_user')
 2 SYSTEMPATH\CodeIgniter.php(919): App\Controllers\Home->siswa()
 3 SYSTEMPATH\CodeIgniter.php(494): CodeIgniter\CodeIgniter->runController(Object(App\Controllers\Home))
 4 SYSTEMPATH\CodeIgniter.php(353): CodeIgniter\CodeIgniter->handleRequest(null, Object(Config\Cache), false)
 5 FCPATH\index.php(79): CodeIgniter\CodeIgniter->run()
 6 SYSTEMPATH\Commands\Server\rewrite.php(47): require_once('C:\\Users\\PC-7\\Desktop\\perpustakaan\\public\\index.php')
ERROR - 2024-01-29 02:10:17 --> mysqli_sql_exception: Unknown column 'siswa.user_id' in 'on clause' in C:\Users\PC-7\Desktop\perpustakaan\system\Database\MySQLi\Connection.php:306
Stack trace:
#0 C:\Users\PC-7\Desktop\perpustakaan\system\Database\MySQLi\Connection.php(306): mysqli->query('SELECT *\nFROM `...', 0)
#1 C:\Users\PC-7\Desktop\perpustakaan\system\Database\BaseConnection.php(692): CodeIgniter\Database\MySQLi\Connection->execute('SELECT *\nFROM `...')
#2 C:\Users\PC-7\Desktop\perpustakaan\system\Database\BaseConnection.php(606): CodeIgniter\Database\BaseConnection->simpleQuery('SELECT *\nFROM `...')
#3 C:\Users\PC-7\Desktop\perpustakaan\system\Database\BaseBuilder.php(1615): CodeIgniter\Database\BaseConnection->query('SELECT *\nFROM `...', Array, false)
#4 C:\Users\PC-7\Desktop\perpustakaan\app\Models\M_Model.php(41): CodeIgniter\Database\BaseBuilder->get()
#5 C:\Users\PC-7\Desktop\perpustakaan\app\Controllers\Home.php(96): App\Models\M_model->join2('book', 'kategori', 'siswa.user_id=u...')
#6 C:\Users\PC-7\Desktop\perpustakaan\system\CodeIgniter.php(919): App\Controllers\Home->buku()
#7 C:\Users\PC-7\Desktop\perpustakaan\system\CodeIgniter.php(494): CodeIgniter\CodeIgniter->runController(Object(App\Controllers\Home))
#8 C:\Users\PC-7\Desktop\perpustakaan\system\CodeIgniter.php(353): CodeIgniter\CodeIgniter->handleRequest(NULL, Object(Config\Cache), false)
#9 C:\Users\PC-7\Desktop\perpustakaan\public\index.php(79): CodeIgniter\CodeIgniter->run()
#10 C:\Users\PC-7\Desktop\perpustakaan\system\Commands\Server\rewrite.php(47): require_once('C:\\Users\\PC-7\\D...')
#11 {main}
CRITICAL - 2024-01-29 02:10:17 --> Call to a member function getResult() on bool
in APPPATH\Models\M_Model.php on line 41.
 1 APPPATH\Controllers\Home.php(96): App\Models\M_model->join2('book', 'kategori', 'siswa.user_id=user.id_user')
 2 SYSTEMPATH\CodeIgniter.php(919): App\Controllers\Home->buku()
 3 SYSTEMPATH\CodeIgniter.php(494): CodeIgniter\CodeIgniter->runController(Object(App\Controllers\Home))
 4 SYSTEMPATH\CodeIgniter.php(353): CodeIgniter\CodeIgniter->handleRequest(null, Object(Config\Cache), false)
 5 FCPATH\index.php(79): CodeIgniter\CodeIgniter->run()
 6 SYSTEMPATH\Commands\Server\rewrite.php(47): require_once('C:\\Users\\PC-7\\Desktop\\perpustakaan\\public\\index.php')
CRITICAL - 2024-01-29 02:10:46 --> Undefined variable $book
in APPPATH\Views\tabel_buku.php on line 11.
 1 APPPATH\Views\tabel_buku.php(11): CodeIgniter\Debug\Exceptions->errorHandler(2, 'Undefined variable $book', 'C:\\Users\\PC-7\\Desktop\\perpustakaan\\app\\Views\\tabel_buku.php', 11)
 2 SYSTEMPATH\View\View.php(226): include('C:\\Users\\PC-7\\Desktop\\perpustakaan\\app\\Views\\tabel_buku.php')
 3 SYSTEMPATH\View\View.php(229): CodeIgniter\View\View->CodeIgniter\View\{closure}()
 4 SYSTEMPATH\Common.php(1188): CodeIgniter\View\View->render('tabel_buku', [], true)
 5 APPPATH\Controllers\Home.php(99): view('tabel_buku', [...])
 6 SYSTEMPATH\CodeIgniter.php(919): App\Controllers\Home->buku()
 7 SYSTEMPATH\CodeIgniter.php(494): CodeIgniter\CodeIgniter->runController(Object(App\Controllers\Home))
 8 SYSTEMPATH\CodeIgniter.php(353): CodeIgniter\CodeIgniter->handleRequest(null, Object(Config\Cache), false)
 9 FCPATH\index.php(79): CodeIgniter\CodeIgniter->run()
10 SYSTEMPATH\Commands\Server\rewrite.php(47): require_once('C:\\Users\\PC-7\\Desktop\\perpustakaan\\public\\index.php')
CRITICAL - 2024-01-29 02:17:20 --> Undefined variable $id
in APPPATH\Controllers\Home.php on line 106.
 1 APPPATH\Controllers\Home.php(106): CodeIgniter\Debug\Exceptions->errorHandler(2, 'Undefined variable $id', 'C:\\Users\\PC-7\\Desktop\\perpustakaan\\app\\Controllers\\Home.php', 106)
 2 SYSTEMPATH\CodeIgniter.php(919): App\Controllers\Home->detail_buku('1')
 3 SYSTEMPATH\CodeIgniter.php(494): CodeIgniter\CodeIgniter->runController(Object(App\Controllers\Home))
 4 SYSTEMPATH\CodeIgniter.php(353): CodeIgniter\CodeIgniter->handleRequest(null, Object(Config\Cache), false)
 5 FCPATH\index.php(79): CodeIgniter\CodeIgniter->run()
 6 SYSTEMPATH\Commands\Server\rewrite.php(47): require_once('C:\\Users\\PC-7\\Desktop\\perpustakaan\\public\\index.php')
CRITICAL - 2024-01-29 02:18:05 --> You must set the database table to be used with your query.
in SYSTEMPATH\Database\BaseConnection.php on line 883.
 1 SYSTEMPATH\Model.php(635): CodeIgniter\Database\BaseConnection->table(null)
 2 SYSTEMPATH\Model.php(863): CodeIgniter\Model->builder()
 3 APPPATH\Models\M_Model.php(9): CodeIgniter\Model->__call('join', [...])
 4 APPPATH\Controllers\Home.php(106): App\Models\M_model->getBookById('1')
 5 SYSTEMPATH\CodeIgniter.php(919): App\Controllers\Home->detail_buku('1')
 6 SYSTEMPATH\CodeIgniter.php(494): CodeIgniter\CodeIgniter->runController(Object(App\Controllers\Home))
 7 SYSTEMPATH\CodeIgniter.php(353): CodeIgniter\CodeIgniter->handleRequest(null, Object(Config\Cache), false)
 8 FCPATH\index.php(79): CodeIgniter\CodeIgniter->run()
 9 SYSTEMPATH\Commands\Server\rewrite.php(47): require_once('C:\\Users\\PC-7\\Desktop\\perpustakaan\\public\\index.php')
CRITICAL - 2024-01-29 02:18:18 --> You must set the database table to be used with your query.
in SYSTEMPATH\Database\BaseConnection.php on line 883.
 1 SYSTEMPATH\Model.php(635): CodeIgniter\Database\BaseConnection->table(null)
 2 SYSTEMPATH\Model.php(863): CodeIgniter\Model->builder()
 3 APPPATH\Models\M_Model.php(9): CodeIgniter\Model->__call('join', [...])
 4 APPPATH\Controllers\Home.php(106): App\Models\M_model->getBookById('1')
 5 SYSTEMPATH\CodeIgniter.php(919): App\Controllers\Home->detail_buku('1')
 6 SYSTEMPATH\CodeIgniter.php(494): CodeIgniter\CodeIgniter->runController(Object(App\Controllers\Home))
 7 SYSTEMPATH\CodeIgniter.php(353): CodeIgniter\CodeIgniter->handleRequest(null, Object(Config\Cache), false)
 8 FCPATH\index.php(79): CodeIgniter\CodeIgniter->run()
 9 SYSTEMPATH\Commands\Server\rewrite.php(47): require_once('C:\\Users\\PC-7\\Desktop\\perpustakaan\\public\\index.php')
CRITICAL - 2024-01-29 02:18:34 --> You must set the database table to be used with your query.
in SYSTEMPATH\Database\BaseConnection.php on line 883.
 1 SYSTEMPATH\Model.php(635): CodeIgniter\Database\BaseConnection->table(null)
 2 SYSTEMPATH\Model.php(863): CodeIgniter\Model->builder()
 3 APPPATH\Models\M_Model.php(9): CodeIgniter\Model->__call('join', [...])
 4 APPPATH\Controllers\Home.php(106): App\Models\M_model->getBookById('1')
 5 SYSTEMPATH\CodeIgniter.php(919): App\Controllers\Home->detail_buku('1')
 6 SYSTEMPATH\CodeIgniter.php(494): CodeIgniter\CodeIgniter->runController(Object(App\Controllers\Home))
 7 SYSTEMPATH\CodeIgniter.php(353): CodeIgniter\CodeIgniter->handleRequest(null, Object(Config\Cache), false)
 8 FCPATH\index.php(79): CodeIgniter\CodeIgniter->run()
 9 SYSTEMPATH\Commands\Server\rewrite.php(47): require_once('C:\\Users\\PC-7\\Desktop\\perpustakaan\\public\\index.php')
CRITICAL - 2024-01-29 02:19:55 --> You must set the database table to be used with your query.
in SYSTEMPATH\Database\BaseConnection.php on line 883.
 1 SYSTEMPATH\Model.php(635): CodeIgniter\Database\BaseConnection->table(null)
 2 SYSTEMPATH\Model.php(863): CodeIgniter\Model->builder()
 3 APPPATH\Models\M_Model.php(9): CodeIgniter\Model->__call('join', [...])
 4 APPPATH\Controllers\Home.php(107): App\Models\M_model->getBookById('1')
 5 SYSTEMPATH\CodeIgniter.php(919): App\Controllers\Home->detail_buku('1')
 6 SYSTEMPATH\CodeIgniter.php(494): CodeIgniter\CodeIgniter->runController(Object(App\Controllers\Home))
 7 SYSTEMPATH\CodeIgniter.php(353): CodeIgniter\CodeIgniter->handleRequest(null, Object(Config\Cache), false)
 8 FCPATH\index.php(79): CodeIgniter\CodeIgniter->run()
 9 SYSTEMPATH\Commands\Server\rewrite.php(47): require_once('C:\\Users\\PC-7\\Desktop\\perpustakaan\\public\\index.php')
CRITICAL - 2024-01-29 02:20:26 --> Trying to access array offset on value of type null
in APPPATH\Views\detail_buku.php on line 28.
 1 APPPATH\Views\detail_buku.php(28): CodeIgniter\Debug\Exceptions->errorHandler(2, 'Trying to access array offset on value of type null', 'C:\\Users\\PC-7\\Desktop\\perpustakaan\\app\\Views\\detail_buku.php', 28)
 2 SYSTEMPATH\View\View.php(226): include('C:\\Users\\PC-7\\Desktop\\perpustakaan\\app\\Views\\detail_buku.php')
 3 SYSTEMPATH\View\View.php(229): CodeIgniter\View\View->CodeIgniter\View\{closure}()
 4 SYSTEMPATH\Common.php(1188): CodeIgniter\View\View->render('detail_buku', [], true)
 5 APPPATH\Controllers\Home.php(110): view('detail_buku', [...])
 6 SYSTEMPATH\CodeIgniter.php(919): App\Controllers\Home->detail_buku('images', 'avatar', '1.jpg')
 7 SYSTEMPATH\CodeIgniter.php(494): CodeIgniter\CodeIgniter->runController(Object(App\Controllers\Home))
 8 SYSTEMPATH\CodeIgniter.php(353): CodeIgniter\CodeIgniter->handleRequest(null, Object(Config\Cache), false)
 9 FCPATH\index.php(79): CodeIgniter\CodeIgniter->run()
10 SYSTEMPATH\Commands\Server\rewrite.php(47): require_once('C:\\Users\\PC-7\\Desktop\\perpustakaan\\public\\index.php')
CRITICAL - 2024-01-29 02:20:27 --> Trying to access array offset on value of type null
in APPPATH\Views\detail_buku.php on line 28.
 1 APPPATH\Views\detail_buku.php(28): CodeIgniter\Debug\Exceptions->errorHandler(2, 'Trying to access array offset on value of type null', 'C:\\Users\\PC-7\\Desktop\\perpustakaan\\app\\Views\\detail_buku.php', 28)
 2 SYSTEMPATH\View\View.php(226): include('C:\\Users\\PC-7\\Desktop\\perpustakaan\\app\\Views\\detail_buku.php')
 3 SYSTEMPATH\View\View.php(229): CodeIgniter\View\View->CodeIgniter\View\{closure}()
 4 SYSTEMPATH\Common.php(1188): CodeIgniter\View\View->render('detail_buku', [], true)
 5 APPPATH\Controllers\Home.php(110): view('detail_buku', [...])
 6 SYSTEMPATH\CodeIgniter.php(919): App\Controllers\Home->detail_buku('images', 'avatar', '2.jpg')
 7 SYSTEMPATH\CodeIgniter.php(494): CodeIgniter\CodeIgniter->runController(Object(App\Controllers\Home))
 8 SYSTEMPATH\CodeIgniter.php(353): CodeIgniter\CodeIgniter->handleRequest(null, Object(Config\Cache), false)
 9 FCPATH\index.php(79): CodeIgniter\CodeIgniter->run()
10 SYSTEMPATH\Commands\Server\rewrite.php(47): require_once('C:\\Users\\PC-7\\Desktop\\perpustakaan\\public\\index.php')
CRITICAL - 2024-01-29 02:20:27 --> Trying to access array offset on value of type null
in APPPATH\Views\detail_buku.php on line 28.
 1 APPPATH\Views\detail_buku.php(28): CodeIgniter\Debug\Exceptions->errorHandler(2, 'Trying to access array offset on value of type null', 'C:\\Users\\PC-7\\Desktop\\perpustakaan\\app\\Views\\detail_buku.php', 28)
 2 SYSTEMPATH\View\View.php(226): include('C:\\Users\\PC-7\\Desktop\\perpustakaan\\app\\Views\\detail_buku.php')
 3 SYSTEMPATH\View\View.php(229): CodeIgniter\View\View->CodeIgniter\View\{closure}()
 4 SYSTEMPATH\Common.php(1188): CodeIgniter\View\View->render('detail_buku', [], true)
 5 APPPATH\Controllers\Home.php(110): view('detail_buku', [...])
 6 SYSTEMPATH\CodeIgniter.php(919): App\Controllers\Home->detail_buku('images', 'avatar', '3.jpg')
 7 SYSTEMPATH\CodeIgniter.php(494): CodeIgniter\CodeIgniter->runController(Object(App\Controllers\Home))
 8 SYSTEMPATH\CodeIgniter.php(353): CodeIgniter\CodeIgniter->handleRequest(null, Object(Config\Cache), false)
 9 FCPATH\index.php(79): CodeIgniter\CodeIgniter->run()
10 SYSTEMPATH\Commands\Server\rewrite.php(47): require_once('C:\\Users\\PC-7\\Desktop\\perpustakaan\\public\\index.php')
CRITICAL - 2024-01-29 02:20:27 --> Trying to access array offset on value of type null
in APPPATH\Views\detail_buku.php on line 28.
 1 APPPATH\Views\detail_buku.php(28): CodeIgniter\Debug\Exceptions->errorHandler(2, 'Trying to access array offset on value of type null', 'C:\\Users\\PC-7\\Desktop\\perpustakaan\\app\\Views\\detail_buku.php', 28)
 2 SYSTEMPATH\View\View.php(226): include('C:\\Users\\PC-7\\Desktop\\perpustakaan\\app\\Views\\detail_buku.php')
 3 SYSTEMPATH\View\View.php(229): CodeIgniter\View\View->CodeIgniter\View\{closure}()
 4 SYSTEMPATH\Common.php(1188): CodeIgniter\View\View->render('detail_buku', [], true)
 5 APPPATH\Controllers\Home.php(110): view('detail_buku', [...])
 6 SYSTEMPATH\CodeIgniter.php(919): App\Controllers\Home->detail_buku('images', 'avatar', '4.jpg')
 7 SYSTEMPATH\CodeIgniter.php(494): CodeIgniter\CodeIgniter->runController(Object(App\Controllers\Home))
 8 SYSTEMPATH\CodeIgniter.php(353): CodeIgniter\CodeIgniter->handleRequest(null, Object(Config\Cache), false)
 9 FCPATH\index.php(79): CodeIgniter\CodeIgniter->run()
10 SYSTEMPATH\Commands\Server\rewrite.php(47): require_once('C:\\Users\\PC-7\\Desktop\\perpustakaan\\public\\index.php')
CRITICAL - 2024-01-29 02:21:11 --> Trying to access array offset on value of type null
in APPPATH\Views\detail_buku.php on line 19.
 1 APPPATH\Views\detail_buku.php(19): CodeIgniter\Debug\Exceptions->errorHandler(2, 'Trying to access array offset on value of type null', 'C:\\Users\\PC-7\\Desktop\\perpustakaan\\app\\Views\\detail_buku.php', 19)
 2 SYSTEMPATH\View\View.php(226): include('C:\\Users\\PC-7\\Desktop\\perpustakaan\\app\\Views\\detail_buku.php')
 3 SYSTEMPATH\View\View.php(229): CodeIgniter\View\View->CodeIgniter\View\{closure}()
 4 SYSTEMPATH\Common.php(1188): CodeIgniter\View\View->render('detail_buku', [], true)
 5 APPPATH\Controllers\Home.php(110): view('detail_buku', [...])
 6 SYSTEMPATH\CodeIgniter.php(919): App\Controllers\Home->detail_buku('images', 'avatar', '1.jpg')
 7 SYSTEMPATH\CodeIgniter.php(494): CodeIgniter\CodeIgniter->runController(Object(App\Controllers\Home))
 8 SYSTEMPATH\CodeIgniter.php(353): CodeIgniter\CodeIgniter->handleRequest(null, Object(Config\Cache), false)
 9 FCPATH\index.php(79): CodeIgniter\CodeIgniter->run()
10 SYSTEMPATH\Commands\Server\rewrite.php(47): require_once('C:\\Users\\PC-7\\Desktop\\perpustakaan\\public\\index.php')
CRITICAL - 2024-01-29 02:21:11 --> Trying to access array offset on value of type null
in APPPATH\Views\detail_buku.php on line 19.
 1 APPPATH\Views\detail_buku.php(19): CodeIgniter\Debug\Exceptions->errorHandler(2, 'Trying to access array offset on value of type null', 'C:\\Users\\PC-7\\Desktop\\perpustakaan\\app\\Views\\detail_buku.php', 19)
 2 SYSTEMPATH\View\View.php(226): include('C:\\Users\\PC-7\\Desktop\\perpustakaan\\app\\Views\\detail_buku.php')
 3 SYSTEMPATH\View\View.php(229): CodeIgniter\View\View->CodeIgniter\View\{closure}()
 4 SYSTEMPATH\Common.php(1188): CodeIgniter\View\View->render('detail_buku', [], true)
 5 APPPATH\Controllers\Home.php(110): view('detail_buku', [...])
 6 SYSTEMPATH\CodeIgniter.php(919): App\Controllers\Home->detail_buku('images', 'avatar', '2.jpg')
 7 SYSTEMPATH\CodeIgniter.php(494): CodeIgniter\CodeIgniter->runController(Object(App\Controllers\Home))
 8 SYSTEMPATH\CodeIgniter.php(353): CodeIgniter\CodeIgniter->handleRequest(null, Object(Config\Cache), false)
 9 FCPATH\index.php(79): CodeIgniter\CodeIgniter->run()
10 SYSTEMPATH\Commands\Server\rewrite.php(47): require_once('C:\\Users\\PC-7\\Desktop\\perpustakaan\\public\\index.php')
CRITICAL - 2024-01-29 02:21:11 --> Trying to access array offset on value of type null
in APPPATH\Views\detail_buku.php on line 19.
 1 APPPATH\Views\detail_buku.php(19): CodeIgniter\Debug\Exceptions->errorHandler(2, 'Trying to access array offset on value of type null', 'C:\\Users\\PC-7\\Desktop\\perpustakaan\\app\\Views\\detail_buku.php', 19)
 2 SYSTEMPATH\View\View.php(226): include('C:\\Users\\PC-7\\Desktop\\perpustakaan\\app\\Views\\detail_buku.php')
 3 SYSTEMPATH\View\View.php(229): CodeIgniter\View\View->CodeIgniter\View\{closure}()
 4 SYSTEMPATH\Common.php(1188): CodeIgniter\View\View->render('detail_buku', [], true)
 5 APPPATH\Controllers\Home.php(110): view('detail_buku', [...])
 6 SYSTEMPATH\CodeIgniter.php(919): App\Controllers\Home->detail_buku('images', 'avatar', '3.jpg')
 7 SYSTEMPATH\CodeIgniter.php(494): CodeIgniter\CodeIgniter->runController(Object(App\Controllers\Home))
 8 SYSTEMPATH\CodeIgniter.php(353): CodeIgniter\CodeIgniter->handleRequest(null, Object(Config\Cache), false)
 9 FCPATH\index.php(79): CodeIgniter\CodeIgniter->run()
10 SYSTEMPATH\Commands\Server\rewrite.php(47): require_once('C:\\Users\\PC-7\\Desktop\\perpustakaan\\public\\index.php')
CRITICAL - 2024-01-29 02:21:11 --> Trying to access array offset on value of type null
in APPPATH\Views\detail_buku.php on line 19.
 1 APPPATH\Views\detail_buku.php(19): CodeIgniter\Debug\Exceptions->errorHandler(2, 'Trying to access array offset on value of type null', 'C:\\Users\\PC-7\\Desktop\\perpustakaan\\app\\Views\\detail_buku.php', 19)
 2 SYSTEMPATH\View\View.php(226): include('C:\\Users\\PC-7\\Desktop\\perpustakaan\\app\\Views\\detail_buku.php')
 3 SYSTEMPATH\View\View.php(229): CodeIgniter\View\View->CodeIgniter\View\{closure}()
 4 SYSTEMPATH\Common.php(1188): CodeIgniter\View\View->render('detail_buku', [], true)
 5 APPPATH\Controllers\Home.php(110): view('detail_buku', [...])
 6 SYSTEMPATH\CodeIgniter.php(919): App\Controllers\Home->detail_buku('images', 'avatar', '4.jpg')
 7 SYSTEMPATH\CodeIgniter.php(494): CodeIgniter\CodeIgniter->runController(Object(App\Controllers\Home))
 8 SYSTEMPATH\CodeIgniter.php(353): CodeIgniter\CodeIgniter->handleRequest(null, Object(Config\Cache), false)
 9 FCPATH\index.php(79): CodeIgniter\CodeIgniter->run()
10 SYSTEMPATH\Commands\Server\rewrite.php(47): require_once('C:\\Users\\PC-7\\Desktop\\perpustakaan\\public\\index.php')
CRITICAL - 2024-01-29 02:21:54 --> Trying to access array offset on value of type null
in APPPATH\Views\detail_buku.php on line 19.
 1 APPPATH\Views\detail_buku.php(19): CodeIgniter\Debug\Exceptions->errorHandler(2, 'Trying to access array offset on value of type null', 'C:\\Users\\PC-7\\Desktop\\perpustakaan\\app\\Views\\detail_buku.php', 19)
 2 SYSTEMPATH\View\View.php(226): include('C:\\Users\\PC-7\\Desktop\\perpustakaan\\app\\Views\\detail_buku.php')
 3 SYSTEMPATH\View\View.php(229): CodeIgniter\View\View->CodeIgniter\View\{closure}()
 4 SYSTEMPATH\Common.php(1188): CodeIgniter\View\View->render('detail_buku', [], true)
 5 APPPATH\Controllers\Home.php(110): view('detail_buku', [...])
 6 SYSTEMPATH\CodeIgniter.php(919): App\Controllers\Home->detail_buku('images', 'avatar', '1.jpg')
 7 SYSTEMPATH\CodeIgniter.php(494): CodeIgniter\CodeIgniter->runController(Object(App\Controllers\Home))
 8 SYSTEMPATH\CodeIgniter.php(353): CodeIgniter\CodeIgniter->handleRequest(null, Object(Config\Cache), false)
 9 FCPATH\index.php(79): CodeIgniter\CodeIgniter->run()
10 SYSTEMPATH\Commands\Server\rewrite.php(47): require_once('C:\\Users\\PC-7\\Desktop\\perpustakaan\\public\\index.php')
CRITICAL - 2024-01-29 02:21:54 --> Trying to access array offset on value of type null
in APPPATH\Views\detail_buku.php on line 19.
 1 APPPATH\Views\detail_buku.php(19): CodeIgniter\Debug\Exceptions->errorHandler(2, 'Trying to access array offset on value of type null', 'C:\\Users\\PC-7\\Desktop\\perpustakaan\\app\\Views\\detail_buku.php', 19)
 2 SYSTEMPATH\View\View.php(226): include('C:\\Users\\PC-7\\Desktop\\perpustakaan\\app\\Views\\detail_buku.php')
 3 SYSTEMPATH\View\View.php(229): CodeIgniter\View\View->CodeIgniter\View\{closure}()
 4 SYSTEMPATH\Common.php(1188): CodeIgniter\View\View->render('detail_buku', [], true)
 5 APPPATH\Controllers\Home.php(110): view('detail_buku', [...])
 6 SYSTEMPATH\CodeIgniter.php(919): App\Controllers\Home->detail_buku('images', 'avatar', '2.jpg')
 7 SYSTEMPATH\CodeIgniter.php(494): CodeIgniter\CodeIgniter->runController(Object(App\Controllers\Home))
 8 SYSTEMPATH\CodeIgniter.php(353): CodeIgniter\CodeIgniter->handleRequest(null, Object(Config\Cache), false)
 9 FCPATH\index.php(79): CodeIgniter\CodeIgniter->run()
10 SYSTEMPATH\Commands\Server\rewrite.php(47): require_once('C:\\Users\\PC-7\\Desktop\\perpustakaan\\public\\index.php')
CRITICAL - 2024-01-29 02:21:54 --> Trying to access array offset on value of type null
in APPPATH\Views\detail_buku.php on line 19.
 1 APPPATH\Views\detail_buku.php(19): CodeIgniter\Debug\Exceptions->errorHandler(2, 'Trying to access array offset on value of type null', 'C:\\Users\\PC-7\\Desktop\\perpustakaan\\app\\Views\\detail_buku.php', 19)
 2 SYSTEMPATH\View\View.php(226): include('C:\\Users\\PC-7\\Desktop\\perpustakaan\\app\\Views\\detail_buku.php')
 3 SYSTEMPATH\View\View.php(229): CodeIgniter\View\View->CodeIgniter\View\{closure}()
 4 SYSTEMPATH\Common.php(1188): CodeIgniter\View\View->render('detail_buku', [], true)
 5 APPPATH\Controllers\Home.php(110): view('detail_buku', [...])
 6 SYSTEMPATH\CodeIgniter.php(919): App\Controllers\Home->detail_buku('images', 'avatar', '3.jpg')
 7 SYSTEMPATH\CodeIgniter.php(494): CodeIgniter\CodeIgniter->runController(Object(App\Controllers\Home))
 8 SYSTEMPATH\CodeIgniter.php(353): CodeIgniter\CodeIgniter->handleRequest(null, Object(Config\Cache), false)
 9 FCPATH\index.php(79): CodeIgniter\CodeIgniter->run()
10 SYSTEMPATH\Commands\Server\rewrite.php(47): require_once('C:\\Users\\PC-7\\Desktop\\perpustakaan\\public\\index.php')
CRITICAL - 2024-01-29 02:21:54 --> Trying to access array offset on value of type null
in APPPATH\Views\detail_buku.php on line 19.
 1 APPPATH\Views\detail_buku.php(19): CodeIgniter\Debug\Exceptions->errorHandler(2, 'Trying to access array offset on value of type null', 'C:\\Users\\PC-7\\Desktop\\perpustakaan\\app\\Views\\detail_buku.php', 19)
 2 SYSTEMPATH\View\View.php(226): include('C:\\Users\\PC-7\\Desktop\\perpustakaan\\app\\Views\\detail_buku.php')
 3 SYSTEMPATH\View\View.php(229): CodeIgniter\View\View->CodeIgniter\View\{closure}()
 4 SYSTEMPATH\Common.php(1188): CodeIgniter\View\View->render('detail_buku', [], true)
 5 APPPATH\Controllers\Home.php(110): view('detail_buku', [...])
 6 SYSTEMPATH\CodeIgniter.php(919): App\Controllers\Home->detail_buku('images', 'avatar', '4.jpg')
 7 SYSTEMPATH\CodeIgniter.php(494): CodeIgniter\CodeIgniter->runController(Object(App\Controllers\Home))
 8 SYSTEMPATH\CodeIgniter.php(353): CodeIgniter\CodeIgniter->handleRequest(null, Object(Config\Cache), false)
 9 FCPATH\index.php(79): CodeIgniter\CodeIgniter->run()
10 SYSTEMPATH\Commands\Server\rewrite.php(47): require_once('C:\\Users\\PC-7\\Desktop\\perpustakaan\\public\\index.php')
CRITICAL - 2024-01-29 02:21:57 --> Trying to access array offset on value of type null
in APPPATH\Views\detail_buku.php on line 19.
 1 APPPATH\Views\detail_buku.php(19): CodeIgniter\Debug\Exceptions->errorHandler(2, 'Trying to access array offset on value of type null', 'C:\\Users\\PC-7\\Desktop\\perpustakaan\\app\\Views\\detail_buku.php', 19)
 2 SYSTEMPATH\View\View.php(226): include('C:\\Users\\PC-7\\Desktop\\perpustakaan\\app\\Views\\detail_buku.php')
 3 SYSTEMPATH\View\View.php(229): CodeIgniter\View\View->CodeIgniter\View\{closure}()
 4 SYSTEMPATH\Common.php(1188): CodeIgniter\View\View->render('detail_buku', [], true)
 5 APPPATH\Controllers\Home.php(110): view('detail_buku', [...])
 6 SYSTEMPATH\CodeIgniter.php(919): App\Controllers\Home->detail_buku('images', 'avatar', '1.jpg')
 7 SYSTEMPATH\CodeIgniter.php(494): CodeIgniter\CodeIgniter->runController(Object(App\Controllers\Home))
 8 SYSTEMPATH\CodeIgniter.php(353): CodeIgniter\CodeIgniter->handleRequest(null, Object(Config\Cache), false)
 9 FCPATH\index.php(79): CodeIgniter\CodeIgniter->run()
10 SYSTEMPATH\Commands\Server\rewrite.php(47): require_once('C:\\Users\\PC-7\\Desktop\\perpustakaan\\public\\index.php')
CRITICAL - 2024-01-29 02:21:57 --> Trying to access array offset on value of type null
in APPPATH\Views\detail_buku.php on line 19.
 1 APPPATH\Views\detail_buku.php(19): CodeIgniter\Debug\Exceptions->errorHandler(2, 'Trying to access array offset on value of type null', 'C:\\Users\\PC-7\\Desktop\\perpustakaan\\app\\Views\\detail_buku.php', 19)
 2 SYSTEMPATH\View\View.php(226): include('C:\\Users\\PC-7\\Desktop\\perpustakaan\\app\\Views\\detail_buku.php')
 3 SYSTEMPATH\View\View.php(229): CodeIgniter\View\View->CodeIgniter\View\{closure}()
 4 SYSTEMPATH\Common.php(1188): CodeIgniter\View\View->render('detail_buku', [], true)
 5 APPPATH\Controllers\Home.php(110): view('detail_buku', [...])
 6 SYSTEMPATH\CodeIgniter.php(919): App\Controllers\Home->detail_buku('images', 'avatar', '2.jpg')
 7 SYSTEMPATH\CodeIgniter.php(494): CodeIgniter\CodeIgniter->runController(Object(App\Controllers\Home))
 8 SYSTEMPATH\CodeIgniter.php(353): CodeIgniter\CodeIgniter->handleRequest(null, Object(Config\Cache), false)
 9 FCPATH\index.php(79): CodeIgniter\CodeIgniter->run()
10 SYSTEMPATH\Commands\Server\rewrite.php(47): require_once('C:\\Users\\PC-7\\Desktop\\perpustakaan\\public\\index.php')
CRITICAL - 2024-01-29 02:21:57 --> Trying to access array offset on value of type null
in APPPATH\Views\detail_buku.php on line 19.
 1 APPPATH\Views\detail_buku.php(19): CodeIgniter\Debug\Exceptions->errorHandler(2, 'Trying to access array offset on value of type null', 'C:\\Users\\PC-7\\Desktop\\perpustakaan\\app\\Views\\detail_buku.php', 19)
 2 SYSTEMPATH\View\View.php(226): include('C:\\Users\\PC-7\\Desktop\\perpustakaan\\app\\Views\\detail_buku.php')
 3 SYSTEMPATH\View\View.php(229): CodeIgniter\View\View->CodeIgniter\View\{closure}()
 4 SYSTEMPATH\Common.php(1188): CodeIgniter\View\View->render('detail_buku', [], true)
 5 APPPATH\Controllers\Home.php(110): view('detail_buku', [...])
 6 SYSTEMPATH\CodeIgniter.php(919): App\Controllers\Home->detail_buku('images', 'avatar', '3.jpg')
 7 SYSTEMPATH\CodeIgniter.php(494): CodeIgniter\CodeIgniter->runController(Object(App\Controllers\Home))
 8 SYSTEMPATH\CodeIgniter.php(353): CodeIgniter\CodeIgniter->handleRequest(null, Object(Config\Cache), false)
 9 FCPATH\index.php(79): CodeIgniter\CodeIgniter->run()
10 SYSTEMPATH\Commands\Server\rewrite.php(47): require_once('C:\\Users\\PC-7\\Desktop\\perpustakaan\\public\\index.php')
CRITICAL - 2024-01-29 02:21:57 --> Trying to access array offset on value of type null
in APPPATH\Views\detail_buku.php on line 19.
 1 APPPATH\Views\detail_buku.php(19): CodeIgniter\Debug\Exceptions->errorHandler(2, 'Trying to access array offset on value of type null', 'C:\\Users\\PC-7\\Desktop\\perpustakaan\\app\\Views\\detail_buku.php', 19)
 2 SYSTEMPATH\View\View.php(226): include('C:\\Users\\PC-7\\Desktop\\perpustakaan\\app\\Views\\detail_buku.php')
 3 SYSTEMPATH\View\View.php(229): CodeIgniter\View\View->CodeIgniter\View\{closure}()
 4 SYSTEMPATH\Common.php(1188): CodeIgniter\View\View->render('detail_buku', [], true)
 5 APPPATH\Controllers\Home.php(110): view('detail_buku', [...])
 6 SYSTEMPATH\CodeIgniter.php(919): App\Controllers\Home->detail_buku('images', 'avatar', '4.jpg')
 7 SYSTEMPATH\CodeIgniter.php(494): CodeIgniter\CodeIgniter->runController(Object(App\Controllers\Home))
 8 SYSTEMPATH\CodeIgniter.php(353): CodeIgniter\CodeIgniter->handleRequest(null, Object(Config\Cache), false)
 9 FCPATH\index.php(79): CodeIgniter\CodeIgniter->run()
10 SYSTEMPATH\Commands\Server\rewrite.php(47): require_once('C:\\Users\\PC-7\\Desktop\\perpustakaan\\public\\index.php')
CRITICAL - 2024-01-29 02:21:59 --> Trying to access array offset on value of type null
in APPPATH\Views\detail_buku.php on line 19.
 1 APPPATH\Views\detail_buku.php(19): CodeIgniter\Debug\Exceptions->errorHandler(2, 'Trying to access array offset on value of type null', 'C:\\Users\\PC-7\\Desktop\\perpustakaan\\app\\Views\\detail_buku.php', 19)
 2 SYSTEMPATH\View\View.php(226): include('C:\\Users\\PC-7\\Desktop\\perpustakaan\\app\\Views\\detail_buku.php')
 3 SYSTEMPATH\View\View.php(229): CodeIgniter\View\View->CodeIgniter\View\{closure}()
 4 SYSTEMPATH\Common.php(1188): CodeIgniter\View\View->render('detail_buku', [], true)
 5 APPPATH\Controllers\Home.php(110): view('detail_buku', [...])
 6 SYSTEMPATH\CodeIgniter.php(919): App\Controllers\Home->detail_buku('buku')
 7 SYSTEMPATH\CodeIgniter.php(494): CodeIgniter\CodeIgniter->runController(Object(App\Controllers\Home))
 8 SYSTEMPATH\CodeIgniter.php(353): CodeIgniter\CodeIgniter->handleRequest(null, Object(Config\Cache), false)
 9 FCPATH\index.php(79): CodeIgniter\CodeIgniter->run()
10 SYSTEMPATH\Commands\Server\rewrite.php(47): require_once('C:\\Users\\PC-7\\Desktop\\perpustakaan\\public\\index.php')
CRITICAL - 2024-01-29 02:22:33 --> Trying to access array offset on value of type null
in APPPATH\Views\detail_buku.php on line 19.
 1 APPPATH\Views\detail_buku.php(19): CodeIgniter\Debug\Exceptions->errorHandler(2, 'Trying to access array offset on value of type null', 'C:\\Users\\PC-7\\Desktop\\perpustakaan\\app\\Views\\detail_buku.php', 19)
 2 SYSTEMPATH\View\View.php(226): include('C:\\Users\\PC-7\\Desktop\\perpustakaan\\app\\Views\\detail_buku.php')
 3 SYSTEMPATH\View\View.php(229): CodeIgniter\View\View->CodeIgniter\View\{closure}()
 4 SYSTEMPATH\Common.php(1188): CodeIgniter\View\View->render('detail_buku', [], true)
 5 APPPATH\Controllers\Home.php(110): view('detail_buku', [...])
 6 SYSTEMPATH\CodeIgniter.php(919): App\Controllers\Home->detail_buku('images', 'avatar', '1.jpg')
 7 SYSTEMPATH\CodeIgniter.php(494): CodeIgniter\CodeIgniter->runController(Object(App\Controllers\Home))
 8 SYSTEMPATH\CodeIgniter.php(353): CodeIgniter\CodeIgniter->handleRequest(null, Object(Config\Cache), false)
 9 FCPATH\index.php(79): CodeIgniter\CodeIgniter->run()
10 SYSTEMPATH\Commands\Server\rewrite.php(47): require_once('C:\\Users\\PC-7\\Desktop\\perpustakaan\\public\\index.php')
CRITICAL - 2024-01-29 02:22:33 --> Trying to access array offset on value of type null
in APPPATH\Views\detail_buku.php on line 19.
 1 APPPATH\Views\detail_buku.php(19): CodeIgniter\Debug\Exceptions->errorHandler(2, 'Trying to access array offset on value of type null', 'C:\\Users\\PC-7\\Desktop\\perpustakaan\\app\\Views\\detail_buku.php', 19)
 2 SYSTEMPATH\View\View.php(226): include('C:\\Users\\PC-7\\Desktop\\perpustakaan\\app\\Views\\detail_buku.php')
 3 SYSTEMPATH\View\View.php(229): CodeIgniter\View\View->CodeIgniter\View\{closure}()
 4 SYSTEMPATH\Common.php(1188): CodeIgniter\View\View->render('detail_buku', [], true)
 5 APPPATH\Controllers\Home.php(110): view('detail_buku', [...])
 6 SYSTEMPATH\CodeIgniter.php(919): App\Controllers\Home->detail_buku('images', 'avatar', '2.jpg')
 7 SYSTEMPATH\CodeIgniter.php(494): CodeIgniter\CodeIgniter->runController(Object(App\Controllers\Home))
 8 SYSTEMPATH\CodeIgniter.php(353): CodeIgniter\CodeIgniter->handleRequest(null, Object(Config\Cache), false)
 9 FCPATH\index.php(79): CodeIgniter\CodeIgniter->run()
10 SYSTEMPATH\Commands\Server\rewrite.php(47): require_once('C:\\Users\\PC-7\\Desktop\\perpustakaan\\public\\index.php')
CRITICAL - 2024-01-29 02:22:33 --> Trying to access array offset on value of type null
in APPPATH\Views\detail_buku.php on line 19.
 1 APPPATH\Views\detail_buku.php(19): CodeIgniter\Debug\Exceptions->errorHandler(2, 'Trying to access array offset on value of type null', 'C:\\Users\\PC-7\\Desktop\\perpustakaan\\app\\Views\\detail_buku.php', 19)
 2 SYSTEMPATH\View\View.php(226): include('C:\\Users\\PC-7\\Desktop\\perpustakaan\\app\\Views\\detail_buku.php')
 3 SYSTEMPATH\View\View.php(229): CodeIgniter\View\View->CodeIgniter\View\{closure}()
 4 SYSTEMPATH\Common.php(1188): CodeIgniter\View\View->render('detail_buku', [], true)
 5 APPPATH\Controllers\Home.php(110): view('detail_buku', [...])
 6 SYSTEMPATH\CodeIgniter.php(919): App\Controllers\Home->detail_buku('images', 'avatar', '3.jpg')
 7 SYSTEMPATH\CodeIgniter.php(494): CodeIgniter\CodeIgniter->runController(Object(App\Controllers\Home))
 8 SYSTEMPATH\CodeIgniter.php(353): CodeIgniter\CodeIgniter->handleRequest(null, Object(Config\Cache), false)
 9 FCPATH\index.php(79): CodeIgniter\CodeIgniter->run()
10 SYSTEMPATH\Commands\Server\rewrite.php(47): require_once('C:\\Users\\PC-7\\Desktop\\perpustakaan\\public\\index.php')
CRITICAL - 2024-01-29 02:22:33 --> Trying to access array offset on value of type null
in APPPATH\Views\detail_buku.php on line 19.
 1 APPPATH\Views\detail_buku.php(19): CodeIgniter\Debug\Exceptions->errorHandler(2, 'Trying to access array offset on value of type null', 'C:\\Users\\PC-7\\Desktop\\perpustakaan\\app\\Views\\detail_buku.php', 19)
 2 SYSTEMPATH\View\View.php(226): include('C:\\Users\\PC-7\\Desktop\\perpustakaan\\app\\Views\\detail_buku.php')
 3 SYSTEMPATH\View\View.php(229): CodeIgniter\View\View->CodeIgniter\View\{closure}()
 4 SYSTEMPATH\Common.php(1188): CodeIgniter\View\View->render('detail_buku', [], true)
 5 APPPATH\Controllers\Home.php(110): view('detail_buku', [...])
 6 SYSTEMPATH\CodeIgniter.php(919): App\Controllers\Home->detail_buku('images', 'avatar', '4.jpg')
 7 SYSTEMPATH\CodeIgniter.php(494): CodeIgniter\CodeIgniter->runController(Object(App\Controllers\Home))
 8 SYSTEMPATH\CodeIgniter.php(353): CodeIgniter\CodeIgniter->handleRequest(null, Object(Config\Cache), false)
 9 FCPATH\index.php(79): CodeIgniter\CodeIgniter->run()
10 SYSTEMPATH\Commands\Server\rewrite.php(47): require_once('C:\\Users\\PC-7\\Desktop\\perpustakaan\\public\\index.php')
CRITICAL - 2024-01-29 02:30:38 --> Class "App\Controllers\M_book" not found
in APPPATH\Controllers\Home.php on line 116.
 1 SYSTEMPATH\CodeIgniter.php(919): App\Controllers\Home->aksi_tambahbuku()
 2 SYSTEMPATH\CodeIgniter.php(494): CodeIgniter\CodeIgniter->runController(Object(App\Controllers\Home))
 3 SYSTEMPATH\CodeIgniter.php(353): CodeIgniter\CodeIgniter->handleRequest(null, Object(Config\Cache), false)
 4 FCPATH\index.php(79): CodeIgniter\CodeIgniter->run()
 5 SYSTEMPATH\Commands\Server\rewrite.php(47): require_once('C:\\Users\\PC-7\\Desktop\\perpustakaan\\public\\index.php')
